Job started ...
CUDA available: True
Device: NVIDIA H100
Building Orca Math datasets:
repo=microsoft/orca-math-word-problems-200k
modes=['direct', 'cot']
total_requested=100000
train_examples=90000 val_examples=10000
output_root=my_gpt2/source/datasets/orca_math
Finished train/direct: written=90000, skipped_empty=0, skipped_too_long=0, avg_tokens=64.2, avg_supervised=2.4
Finished val/direct: written=10000, skipped_empty=0, skipped_too_long=0, avg_tokens=64.1, avg_supervised=2.4
Finished train/cot: written=89993, skipped_empty=0, skipped_too_long=7, avg_tokens=309.2, avg_supervised=247.4
Finished val/cot: written=9999, skipped_empty=0, skipped_too_long=1, avg_tokens=309.5, avg_supervised=247.7
Job completed.

============================= JOB FEEDBACK =============================

NodeName=uc3n082
Job ID: 3345598
Cluster: uc3
User/Group: ul_raf24/ul_student
State: COMPLETED (exit code 0)
Nodes: 1
Cores per node: 2
CPU Utilized: 00:00:39
CPU Efficiency: 26.00% of 00:02:30 core-walltime
Job Wall-clock time: 00:01:15
Memory Utilized: 493.44 MB
Memory Efficiency: 0.38% of 127.00 GB (127.00 GB/node)
