Job started ...
CUDA available: True
Device: NVIDIA A100 80GB PCIe
Device: cuda
Found shards: 2 total | 1 train | 1 val
Loaded pretrain ckpt: my_gpt2/results/sft_ultrachat/best.pt
num decayed parameter tensors: 50, with 124,354,560 parameters
num non-decayed parameter tensors: 98, with 121,344 parameters
using fused AdamW: True
device_batch_size: 4
target_examples_per_step: 32
=> grad_accum_steps: 8
[eval] step 00000 | val_loss 2.8848
✅ saved best.pt
step 00000/1170 | train_loss 2.8235 | lr 2.00e-05 | sup_toks 2,941 | dt 3.47s
step 00050/1170 | train_loss 1.1560 | lr 1.91e-05 | sup_toks 2,978 | dt 5.92s
step 00100/1170 | train_loss 1.2653 | lr 1.83e-05 | sup_toks 3,393 | dt 5.97s
step 00150/1170 | train_loss 1.0364 | lr 1.74e-05 | sup_toks 3,314 | dt 5.95s
[eval] step 00200 | val_loss 1.0414
✅ saved best.pt
step 00200/1170 | train_loss 1.0095 | lr 1.66e-05 | sup_toks 3,122 | dt 7.01s
step 00250/1170 | train_loss 1.0301 | lr 1.57e-05 | sup_toks 3,460 | dt 6.00s
step 00300/1170 | train_loss 0.9177 | lr 1.49e-05 | sup_toks 3,125 | dt 5.95s
step 00350/1170 | train_loss 0.7798 | lr 1.40e-05 | sup_toks 3,229 | dt 6.20s
[eval] step 00400 | val_loss 0.9901
✅ saved best.pt
step 00400/1170 | train_loss 0.7748 | lr 1.32e-05 | sup_toks 3,175 | dt 6.84s
step 00450/1170 | train_loss 0.7781 | lr 1.23e-05 | sup_toks 3,071 | dt 5.97s
saved checkpoint
step 00500/1170 | train_loss 0.6947 | lr 1.15e-05 | sup_toks 3,193 | dt 6.63s
step 00550/1170 | train_loss 0.7439 | lr 1.06e-05 | sup_toks 3,266 | dt 5.94s
[eval] step 00600 | val_loss 0.9851
✅ saved best.pt
step 00600/1170 | train_loss 0.7659 | lr 9.74e-06 | sup_toks 3,287 | dt 6.89s
step 00650/1170 | train_loss 0.6874 | lr 8.89e-06 | sup_toks 2,731 | dt 6.14s
step 00700/1170 | train_loss 0.5905 | lr 8.03e-06 | sup_toks 2,819 | dt 5.97s
step 00750/1170 | train_loss 0.6187 | lr 7.18e-06 | sup_toks 3,036 | dt 5.93s
[eval] step 00800 | val_loss 1.0189
step 00800/1170 | train_loss 0.5508 | lr 6.32e-06 | sup_toks 2,906 | dt 6.39s
step 00850/1170 | train_loss 0.5257 | lr 5.47e-06 | sup_toks 3,131 | dt 5.97s
step 00900/1170 | train_loss 0.5085 | lr 4.62e-06 | sup_toks 3,401 | dt 5.98s
step 00950/1170 | train_loss 0.4697 | lr 3.76e-06 | sup_toks 3,165 | dt 6.09s
[eval] step 01000 | val_loss 1.0440
saved checkpoint
step 01000/1170 | train_loss 0.4983 | lr 2.91e-06 | sup_toks 2,822 | dt 6.80s
step 01050/1170 | train_loss 0.4853 | lr 2.05e-06 | sup_toks 3,243 | dt 5.94s
step 01100/1170 | train_loss 0.4522 | lr 1.20e-06 | sup_toks 3,522 | dt 6.21s
step 01150/1170 | train_loss 0.4543 | lr 3.42e-07 | sup_toks 3,083 | dt 5.94s
saved final.pt
Job completed.

============================= JOB FEEDBACK =============================

NodeName=uc2n902
Job ID: 3137860
Cluster: uc3
User/Group: ul_raf24/ul_student
State: COMPLETED (exit code 0)
Nodes: 1
Cores per node: 2
CPU Utilized: 00:02:39
CPU Efficiency: 42.74% of 00:06:12 core-walltime
Job Wall-clock time: 00:03:06
Memory Utilized: 961.18 MB
Memory Efficiency: 0.74% of 127.00 GB (127.00 GB/node)
