Job started ...
CUDA available: True
Device: NVIDIA A100 80GB PCIe
sft_train.py loaded from: /pfs/data6/home/ul/ul_student/ul_raf24/project/Masterarbeit/my_gpt2/source/sft_train.py
Device: cuda
Using explicit validation directory.
Train: dir=my_gpt2/source/datasets/gsm8k_sft_examples/gsm8k_train/gsm8k_direct prefix=gsm8k_direct shards=7
Val:   dir=my_gpt2/source/datasets/gsm8k_sft_examples/gsm8k_val/gsm8k_direct prefix=gsm8k_direct shards=1
Loaded pretrain ckpt: my_gpt2/results/sft_ultrachat/best.pt
num decayed parameter tensors: 50, with 124,354,560 parameters
num non-decayed parameter tensors: 98, with 121,344 parameters
using fused AdamW: True
device_batch_size: 4
target_examples_per_step: 32
=> grad_accum_steps: 8
[eval] step 00000 | val_loss 5.2435
✅ saved best.pt -> my_gpt2/results/sft_gsm8k_direct_v2/best.pt
step 00000/422 | train_loss 5.1530 | lr 1.00e-05 | sup_toks 194 | dt 1.08s
[eval] step 00025 | val_loss 0.9483
✅ saved best.pt -> my_gpt2/results/sft_gsm8k_direct_v2/best.pt
[eval] step 00050 | val_loss 0.9083
✅ saved best.pt -> my_gpt2/results/sft_gsm8k_direct_v2/best.pt
saved checkpoint -> my_gpt2/results/sft_gsm8k_direct_v2/ckpt_000050.pt
step 00050/422 | train_loss 0.9567 | lr 8.82e-06 | sup_toks 195 | dt 8.05s
[eval] step 00075 | val_loss 0.9036
✅ saved best.pt -> my_gpt2/results/sft_gsm8k_direct_v2/best.pt
[eval] step 00100 | val_loss 0.8960
✅ saved best.pt -> my_gpt2/results/sft_gsm8k_direct_v2/best.pt
saved checkpoint -> my_gpt2/results/sft_gsm8k_direct_v2/ckpt_000100.pt
step 00100/422 | train_loss 0.8454 | lr 7.63e-06 | sup_toks 196 | dt 8.02s
[eval] step 00125 | val_loss 0.8882
✅ saved best.pt -> my_gpt2/results/sft_gsm8k_direct_v2/best.pt
[eval] step 00150 | val_loss 0.8889
saved checkpoint -> my_gpt2/results/sft_gsm8k_direct_v2/ckpt_000150.pt
step 00150/422 | train_loss 0.8098 | lr 6.45e-06 | sup_toks 193 | dt 7.46s
[eval] step 00175 | val_loss 0.8781
✅ saved best.pt -> my_gpt2/results/sft_gsm8k_direct_v2/best.pt
[eval] step 00200 | val_loss 0.8763
✅ saved best.pt -> my_gpt2/results/sft_gsm8k_direct_v2/best.pt
saved checkpoint -> my_gpt2/results/sft_gsm8k_direct_v2/ckpt_000200.pt
step 00200/422 | train_loss 0.9433 | lr 5.26e-06 | sup_toks 198 | dt 8.04s
[eval] step 00225 | val_loss 0.8705
✅ saved best.pt -> my_gpt2/results/sft_gsm8k_direct_v2/best.pt
[eval] step 00250 | val_loss 0.8616
✅ saved best.pt -> my_gpt2/results/sft_gsm8k_direct_v2/best.pt
saved checkpoint -> my_gpt2/results/sft_gsm8k_direct_v2/ckpt_000250.pt
step 00250/422 | train_loss 0.8046 | lr 4.08e-06 | sup_toks 196 | dt 8.04s
[eval] step 00275 | val_loss 0.8694
[eval] step 00300 | val_loss 0.8566
✅ saved best.pt -> my_gpt2/results/sft_gsm8k_direct_v2/best.pt
saved checkpoint -> my_gpt2/results/sft_gsm8k_direct_v2/ckpt_000300.pt
step 00300/422 | train_loss 0.8181 | lr 2.89e-06 | sup_toks 198 | dt 7.44s
[eval] step 00325 | val_loss 0.8589
[eval] step 00350 | val_loss 0.8541
✅ saved best.pt -> my_gpt2/results/sft_gsm8k_direct_v2/best.pt
saved checkpoint -> my_gpt2/results/sft_gsm8k_direct_v2/ckpt_000350.pt
step 00350/422 | train_loss 0.8347 | lr 1.71e-06 | sup_toks 195 | dt 7.45s
[eval] step 00375 | val_loss 0.8511
✅ saved best.pt -> my_gpt2/results/sft_gsm8k_direct_v2/best.pt
[eval] step 00400 | val_loss 0.8511
saved checkpoint -> my_gpt2/results/sft_gsm8k_direct_v2/ckpt_000400.pt
step 00400/422 | train_loss 0.9012 | lr 5.21e-07 | sup_toks 196 | dt 7.45s
saved final.pt -> my_gpt2/results/sft_gsm8k_direct_v2/final.pt
sft_train.py loaded from: /pfs/data6/home/ul/ul_student/ul_raf24/project/Masterarbeit/my_gpt2/source/sft_train.py
Device: cuda
Using explicit validation directory.
Train: dir=my_gpt2/source/datasets/gsm8k_sft_examples/gsm8k_train/gsm8k_cot prefix=gsm8k_cot shards=7
Val:   dir=my_gpt2/source/datasets/gsm8k_sft_examples/gsm8k_val/gsm8k_cot prefix=gsm8k_cot shards=1
Loaded pretrain ckpt: my_gpt2/results/sft_ultrachat/best.pt
num decayed parameter tensors: 50, with 124,354,560 parameters
num non-decayed parameter tensors: 98, with 121,344 parameters
using fused AdamW: True
device_batch_size: 4
target_examples_per_step: 32
=> grad_accum_steps: 8
[eval] step 00000 | val_loss 2.9199
✅ saved best.pt -> my_gpt2/results/sft_gsm8k_cot_v2/best.pt
step 00000/422 | train_loss 2.9455 | lr 1.00e-05 | sup_toks 3,192 | dt 1.15s
[eval] step 00025 | val_loss 1.4991
✅ saved best.pt -> my_gpt2/results/sft_gsm8k_cot_v2/best.pt
[eval] step 00050 | val_loss 1.3532
✅ saved best.pt -> my_gpt2/results/sft_gsm8k_cot_v2/best.pt
saved checkpoint -> my_gpt2/results/sft_gsm8k_cot_v2/ckpt_000050.pt
step 00050/422 | train_loss 1.4178 | lr 8.82e-06 | sup_toks 3,369 | dt 8.40s
[eval] step 00075 | val_loss 1.2830
✅ saved best.pt -> my_gpt2/results/sft_gsm8k_cot_v2/best.pt
[eval] step 00100 | val_loss 1.2316
✅ saved best.pt -> my_gpt2/results/sft_gsm8k_cot_v2/best.pt
saved checkpoint -> my_gpt2/results/sft_gsm8k_cot_v2/ckpt_000100.pt
step 00100/422 | train_loss 1.2235 | lr 7.63e-06 | sup_toks 3,056 | dt 8.36s
[eval] step 00125 | val_loss 1.2039
✅ saved best.pt -> my_gpt2/results/sft_gsm8k_cot_v2/best.pt
[eval] step 00150 | val_loss 1.1794
✅ saved best.pt -> my_gpt2/results/sft_gsm8k_cot_v2/best.pt
saved checkpoint -> my_gpt2/results/sft_gsm8k_cot_v2/ckpt_000150.pt
step 00150/422 | train_loss 1.1611 | lr 6.45e-06 | sup_toks 2,893 | dt 8.35s
[eval] step 00175 | val_loss 1.1592
✅ saved best.pt -> my_gpt2/results/sft_gsm8k_cot_v2/best.pt
[eval] step 00200 | val_loss 1.1466
✅ saved best.pt -> my_gpt2/results/sft_gsm8k_cot_v2/best.pt
saved checkpoint -> my_gpt2/results/sft_gsm8k_cot_v2/ckpt_000200.pt
step 00200/422 | train_loss 1.0855 | lr 5.26e-06 | sup_toks 3,357 | dt 8.32s
[eval] step 00225 | val_loss 1.1351
✅ saved best.pt -> my_gpt2/results/sft_gsm8k_cot_v2/best.pt
[eval] step 00250 | val_loss 1.1272
✅ saved best.pt -> my_gpt2/results/sft_gsm8k_cot_v2/best.pt
saved checkpoint -> my_gpt2/results/sft_gsm8k_cot_v2/ckpt_000250.pt
step 00250/422 | train_loss 1.1371 | lr 4.08e-06 | sup_toks 2,890 | dt 8.39s
[eval] step 00275 | val_loss 1.1181
✅ saved best.pt -> my_gpt2/results/sft_gsm8k_cot_v2/best.pt
[eval] step 00300 | val_loss 1.1109
✅ saved best.pt -> my_gpt2/results/sft_gsm8k_cot_v2/best.pt
saved checkpoint -> my_gpt2/results/sft_gsm8k_cot_v2/ckpt_000300.pt
step 00300/422 | train_loss 1.0605 | lr 2.89e-06 | sup_toks 3,158 | dt 8.31s
[eval] step 00325 | val_loss 1.1038
✅ saved best.pt -> my_gpt2/results/sft_gsm8k_cot_v2/best.pt
[eval] step 00350 | val_loss 1.1004
✅ saved best.pt -> my_gpt2/results/sft_gsm8k_cot_v2/best.pt
saved checkpoint -> my_gpt2/results/sft_gsm8k_cot_v2/ckpt_000350.pt
step 00350/422 | train_loss 1.0336 | lr 1.71e-06 | sup_toks 2,988 | dt 8.34s
[eval] step 00375 | val_loss 1.0967
✅ saved best.pt -> my_gpt2/results/sft_gsm8k_cot_v2/best.pt
[eval] step 00400 | val_loss 1.0947
✅ saved best.pt -> my_gpt2/results/sft_gsm8k_cot_v2/best.pt
saved checkpoint -> my_gpt2/results/sft_gsm8k_cot_v2/ckpt_000400.pt
step 00400/422 | train_loss 1.0616 | lr 5.21e-07 | sup_toks 3,467 | dt 8.34s
saved final.pt -> my_gpt2/results/sft_gsm8k_cot_v2/final.pt
Job completed.

============================= JOB FEEDBACK =============================

NodeName=uc2n902
Job ID: 3139830
Cluster: uc3
User/Group: ul_raf24/ul_student
State: COMPLETED (exit code 0)
Nodes: 1
Cores per node: 2
CPU Utilized: 00:02:30
CPU Efficiency: 44.38% of 00:05:38 core-walltime
Job Wall-clock time: 00:02:49
Memory Utilized: 1.27 GB
Memory Efficiency: 1.00% of 127.00 GB (127.00 GB/node)
